Arguments: 
  /usr/local/bin/node /usr/local/bin/yarn db

PATH: 
  /Users/smac/Library/Android/sdk/tools:/Users/smac/Library/Android/sdk/platform-tools:/Users/smac/kscripts:/Users/smac/Developer/LavarelProjects/spark-installer:/Users/smac/.composer/vendor/bin:/usr/local/bin:/usr/local/sbin:/usr/bin:/bin:/usr/sbin:/sbin:/Applications/Wireshark.app/Contents/MacOS

Yarn version: 
  1.4.0

Node version: 
  8.9.1

Platform: 
  darwin x64

npm manifest: 
  No manifest

yarn manifest: 
  No manifest

Lockfile: 
  No lockfile

Trace: 
  Error: Couldn't find a package.json file in "/Users/smac/Developer/Lumen/altraser"
      at new MessageError (/usr/local/lib/node_modules/yarn/lib/cli.js:186:110)
      at /usr/local/lib/node_modules/yarn/lib/cli.js:55394:15
      at Generator.next (<anonymous>)
      at step (/usr/local/lib/node_modules/yarn/lib/cli.js:98:30)
      at /usr/local/lib/node_modules/yarn/lib/cli.js:109:13
      at <anonymous>
